  [1m[35m (0.1ms)[0m  [1m[34mSELECT sqlite_version(*)[0m
  ↳ bin/rails:9
  [1m[35m (14.1ms)[0m  [1m[35mCREATE TABLE "schema_migrations" ("version" varchar NOT NULL PRIMARY KEY)[0m
  ↳ bin/rails:9
  [1m[35m (8.8ms)[0m  [1m[35mCREATE TABLE "ar_internal_metadata" ("key" varchar NOT NULL PRIMARY KEY, "value" varchar, "created_at" datetime NOT NULL, "updated_at" datetime NOT NULL)[0m
  ↳ bin/rails:9
  [1m[35m (0.2ms)[0m  [1m[34mSELECT "schema_migrations"."version" FROM "schema_migrations" ORDER BY "schema_migrations"."version" ASC[0m
  ↳ bin/rails:9
Migrating to CreateAppointments (20180707142134)
  [1m[35m (0.2ms)[0m  [1m[36mbegin transaction[0m
  ↳ bin/rails:9
  [1m[35m (0.5ms)[0m  [1m[35mCREATE TABLE "appointments" ("id" integer PRIMARY KEY AUTOINCREMENT NOT NULL, "name" varchar, "from" varchar, "to" varchar, "created_at" datetime NOT NULL, "updated_at" datetime NOT NULL)[0m
  ↳ db/migrate/20180707142134_create_appointments.rb:3
  [1m[36mActiveRecord::SchemaMigration Create (0.2ms)[0m  [1m[32mINSERT INTO "schema_migrations" ("version") VALUES (?)[0m  [["version", "20180707142134"]]
  ↳ bin/rails:9
  [1m[35m (6.9ms)[0m  [1m[36mcommit transaction[0m
  ↳ bin/rails:9
  [1m[36mActiveRecord::InternalMetadata Load (0.2ms)[0m  [1m[34mSELECT  "ar_internal_metadata".* FROM "ar_internal_metadata" WHERE "ar_internal_metadata"."key" = ? LIMIT ?[0m  [["key", "environment"], ["LIMIT", 1]]
  ↳ bin/rails:9
  [1m[35m (0.1ms)[0m  [1m[36mbegin transaction[0m
  ↳ bin/rails:9
  [1m[36mActiveRecord::InternalMetadata Create (0.2ms)[0m  [1m[32mINSERT INTO "ar_internal_metadata" ("key", "value", "created_at", "updated_at") VALUES (?, ?, ?, ?)[0m  [["key", "environment"], ["value", "development"], ["created_at", "2018-07-07 14:22:02.899486"], ["updated_at", "2018-07-07 14:22:02.899486"]]
  ↳ bin/rails:9
  [1m[35m (10.3ms)[0m  [1m[36mcommit transaction[0m
  ↳ bin/rails:9
  [1m[35m (0.2ms)[0m  [1m[34mSELECT "schema_migrations"."version" FROM "schema_migrations" ORDER BY "schema_migrations"."version" ASC[0m
  ↳ bin/rails:9
Started GET "/appointments" for 127.0.0.1 at 2018-07-07 17:30:33 +0300
  [1m[35m (0.1ms)[0m  [1m[34mSELECT "schema_migrations"."version" FROM "schema_migrations" ORDER BY "schema_migrations"."version" ASC[0m
  ↳ /usr/local/rvm/gems/ruby-2.5.1/gems/activerecord-5.2.0/lib/active_record/log_subscriber.rb:98
Processing by AppointmentsController#index as */*
  Parameters: {"appointment"=>{}}
  [1m[36mAppointment Load (0.1ms)[0m  [1m[34mSELECT "appointments".* FROM "appointments" ORDER BY name DESC[0m
  ↳ app/controllers/appointments_controller.rb:5
Completed 200 OK in 2ms (Views: 1.3ms | ActiveRecord: 0.5ms)


Started POST "/appointments" for 127.0.0.1 at 2018-07-07 17:30:44 +0300
Error occurred while parsing request parameters.
Contents:

{
	"apponintmentName":"abcasdzxc"
	"from":"2011-07-14T19:43:37+0100"
	"to":"dasdasdasdas"
}
  
ActionDispatch::Http::Parameters::ParseError (765: unexpected token at '{
	"apponintmentName":"abcasdzxc"
	"from":"2011-07-14T19:43:37+0100"
	"to":"dasdasdasdas"
}'):
  
actionpack (5.2.0) lib/action_dispatch/http/parameters.rb:117:in `rescue in parse_formatted_parameters'
actionpack (5.2.0) lib/action_dispatch/http/parameters.rb:111:in `parse_formatted_parameters'
actionpack (5.2.0) lib/action_dispatch/http/request.rb:381:in `block in POST'
rack (2.0.5) lib/rack/request.rb:57:in `fetch'
rack (2.0.5) lib/rack/request.rb:57:in `fetch_header'
actionpack (5.2.0) lib/action_dispatch/http/request.rb:380:in `POST'
actionpack (5.2.0) lib/action_dispatch/http/parameters.rb:55:in `parameters'
actionpack (5.2.0) lib/action_controller/metal/params_wrapper.rb:290:in `_wrapper_enabled?'
actionpack (5.2.0) lib/action_controller/metal/params_wrapper.rb:244:in `process_action'
activerecord (5.2.0) lib/active_record/railties/controller_runtime.rb:24:in `process_action'
actionpack (5.2.0) lib/abstract_controller/base.rb:134:in `process'
actionpack (5.2.0) lib/action_controller/metal.rb:191:in `dispatch'
actionpack (5.2.0) lib/action_controller/metal.rb:252:in `dispatch'
actionpack (5.2.0) lib/action_dispatch/routing/route_set.rb:52:in `dispatch'
actionpack (5.2.0) lib/action_dispatch/routing/route_set.rb:34:in `serve'
actionpack (5.2.0) lib/action_dispatch/journey/router.rb:52:in `block in serve'
actionpack (5.2.0) lib/action_dispatch/journey/router.rb:35:in `each'
actionpack (5.2.0) lib/action_dispatch/journey/router.rb:35:in `serve'
actionpack (5.2.0) lib/action_dispatch/routing/route_set.rb:840:in `call'
rack (2.0.5) lib/rack/etag.rb:25:in `call'
rack (2.0.5) lib/rack/conditional_get.rb:38:in `call'
rack (2.0.5) lib/rack/head.rb:12:in `call'
activerecord (5.2.0) lib/active_record/migration.rb:559:in `call'
actionpack (5.2.0) lib/action_dispatch/middleware/callbacks.rb:28:in `block in call'
activesupport (5.2.0) lib/active_support/callbacks.rb:98:in `run_callbacks'
actionpack (5.2.0) lib/action_dispatch/middleware/callbacks.rb:26:in `call'
actionpack (5.2.0) lib/action_dispatch/middleware/executor.rb:14:in `call'
actionpack (5.2.0) lib/action_dispatch/middleware/debug_exceptions.rb:61:in `call'
actionpack (5.2.0) lib/action_dispatch/middleware/show_exceptions.rb:33:in `call'
railties (5.2.0) lib/rails/rack/logger.rb:38:in `call_app'
railties (5.2.0) lib/rails/rack/logger.rb:26:in `block in call'
activesupport (5.2.0) lib/active_support/tagged_logging.rb:71:in `block in tagged'
activesupport (5.2.0) lib/active_support/tagged_logging.rb:28:in `tagged'
activesupport (5.2.0) lib/active_support/tagged_logging.rb:71:in `tagged'
railties (5.2.0) lib/rails/rack/logger.rb:26:in `call'
actionpack (5.2.0) lib/action_dispatch/middleware/remote_ip.rb:81:in `call'
actionpack (5.2.0) lib/action_dispatch/middleware/request_id.rb:27:in `call'
rack (2.0.5) lib/rack/runtime.rb:22:in `call'
activesupport (5.2.0) lib/active_support/cache/strategy/local_cache_middleware.rb:29:in `call'
actionpack (5.2.0) lib/action_dispatch/middleware/executor.rb:14:in `call'
actionpack (5.2.0) lib/action_dispatch/middleware/static.rb:127:in `call'
rack (2.0.5) lib/rack/sendfile.rb:111:in `call'
railties (5.2.0) lib/rails/engine.rb:524:in `call'
puma (3.11.4) lib/puma/configuration.rb:225:in `call'
puma (3.11.4) lib/puma/server.rb:632:in `handle_request'
puma (3.11.4) lib/puma/server.rb:446:in `process_client'
puma (3.11.4) lib/puma/server.rb:306:in `block in run'
puma (3.11.4) lib/puma/thread_pool.rb:120:in `block in spawn_thread'
Started POST "/appointments" for 127.0.0.1 at 2018-07-07 17:30:55 +0300
Error occurred while parsing request parameters.
Contents:

{
	"name":"abcasdzxc"
	"from":"2011-07-14T19:43:37+0100"
	"to":"dasdasdasdas"
}
  
ActionDispatch::Http::Parameters::ParseError (765: unexpected token at '{
	"name":"abcasdzxc"
	"from":"2011-07-14T19:43:37+0100"
	"to":"dasdasdasdas"
}'):
  
actionpack (5.2.0) lib/action_dispatch/http/parameters.rb:117:in `rescue in parse_formatted_parameters'
actionpack (5.2.0) lib/action_dispatch/http/parameters.rb:111:in `parse_formatted_parameters'
actionpack (5.2.0) lib/action_dispatch/http/request.rb:381:in `block in POST'
rack (2.0.5) lib/rack/request.rb:57:in `fetch'
rack (2.0.5) lib/rack/request.rb:57:in `fetch_header'
actionpack (5.2.0) lib/action_dispatch/http/request.rb:380:in `POST'
actionpack (5.2.0) lib/action_dispatch/http/parameters.rb:55:in `parameters'
actionpack (5.2.0) lib/action_controller/metal/params_wrapper.rb:290:in `_wrapper_enabled?'
actionpack (5.2.0) lib/action_controller/metal/params_wrapper.rb:244:in `process_action'
activerecord (5.2.0) lib/active_record/railties/controller_runtime.rb:24:in `process_action'
actionpack (5.2.0) lib/abstract_controller/base.rb:134:in `process'
actionpack (5.2.0) lib/action_controller/metal.rb:191:in `dispatch'
actionpack (5.2.0) lib/action_controller/metal.rb:252:in `dispatch'
actionpack (5.2.0) lib/action_dispatch/routing/route_set.rb:52:in `dispatch'
actionpack (5.2.0) lib/action_dispatch/routing/route_set.rb:34:in `serve'
actionpack (5.2.0) lib/action_dispatch/journey/router.rb:52:in `block in serve'
actionpack (5.2.0) lib/action_dispatch/journey/router.rb:35:in `each'
actionpack (5.2.0) lib/action_dispatch/journey/router.rb:35:in `serve'
actionpack (5.2.0) lib/action_dispatch/routing/route_set.rb:840:in `call'
rack (2.0.5) lib/rack/etag.rb:25:in `call'
rack (2.0.5) lib/rack/conditional_get.rb:38:in `call'
rack (2.0.5) lib/rack/head.rb:12:in `call'
activerecord (5.2.0) lib/active_record/migration.rb:559:in `call'
actionpack (5.2.0) lib/action_dispatch/middleware/callbacks.rb:28:in `block in call'
activesupport (5.2.0) lib/active_support/callbacks.rb:98:in `run_callbacks'
actionpack (5.2.0) lib/action_dispatch/middleware/callbacks.rb:26:in `call'
actionpack (5.2.0) lib/action_dispatch/middleware/executor.rb:14:in `call'
actionpack (5.2.0) lib/action_dispatch/middleware/debug_exceptions.rb:61:in `call'
actionpack (5.2.0) lib/action_dispatch/middleware/show_exceptions.rb:33:in `call'
railties (5.2.0) lib/rails/rack/logger.rb:38:in `call_app'
railties (5.2.0) lib/rails/rack/logger.rb:26:in `block in call'
activesupport (5.2.0) lib/active_support/tagged_logging.rb:71:in `block in tagged'
activesupport (5.2.0) lib/active_support/tagged_logging.rb:28:in `tagged'
activesupport (5.2.0) lib/active_support/tagged_logging.rb:71:in `tagged'
railties (5.2.0) lib/rails/rack/logger.rb:26:in `call'
actionpack (5.2.0) lib/action_dispatch/middleware/remote_ip.rb:81:in `call'
actionpack (5.2.0) lib/action_dispatch/middleware/request_id.rb:27:in `call'
rack (2.0.5) lib/rack/runtime.rb:22:in `call'
activesupport (5.2.0) lib/active_support/cache/strategy/local_cache_middleware.rb:29:in `call'
actionpack (5.2.0) lib/action_dispatch/middleware/executor.rb:14:in `call'
actionpack (5.2.0) lib/action_dispatch/middleware/static.rb:127:in `call'
rack (2.0.5) lib/rack/sendfile.rb:111:in `call'
railties (5.2.0) lib/rails/engine.rb:524:in `call'
puma (3.11.4) lib/puma/configuration.rb:225:in `call'
puma (3.11.4) lib/puma/server.rb:632:in `handle_request'
puma (3.11.4) lib/puma/server.rb:446:in `process_client'
puma (3.11.4) lib/puma/server.rb:306:in `block in run'
puma (3.11.4) lib/puma/thread_pool.rb:120:in `block in spawn_thread'
Started GET "/appointments" for 127.0.0.1 at 2018-07-07 17:33:02 +0300
  [1m[35m (0.1ms)[0m  [1m[34mSELECT "schema_migrations"."version" FROM "schema_migrations" ORDER BY "schema_migrations"."version" ASC[0m
  ↳ /usr/local/rvm/gems/ruby-2.5.1/gems/activerecord-5.2.0/lib/active_record/log_subscriber.rb:98
Processing by AppointmentsController#index as */*
  Parameters: {"appointment"=>{}}
  [1m[36mAppointment Load (0.1ms)[0m  [1m[34mSELECT "appointments".* FROM "appointments" ORDER BY name DESC[0m
  ↳ app/controllers/appointments_controller.rb:5
Completed 200 OK in 1ms (Views: 0.5ms | ActiveRecord: 0.4ms)


Started GET "/appointments" for 127.0.0.1 at 2018-07-07 17:33:30 +0300
Processing by AppointmentsController#index as */*
  Parameters: {"appointment"=>{}}
  [1m[36mAppointment Load (0.2ms)[0m  [1m[34mSELECT "appointments".* FROM "appointments" ORDER BY name DESC[0m
  ↳ app/controllers/appointments_controller.rb:5
Completed 200 OK in 1ms (Views: 0.7ms | ActiveRecord: 0.2ms)


Started GET "/appointments" for 127.0.0.1 at 2018-07-07 17:36:10 +0300
  [1m[35m (0.1ms)[0m  [1m[34mSELECT "schema_migrations"."version" FROM "schema_migrations" ORDER BY "schema_migrations"."version" ASC[0m
  ↳ /usr/local/rvm/gems/ruby-2.5.1/gems/activerecord-5.2.0/lib/active_record/log_subscriber.rb:98
Processing by AppointmentsController#index as */*
  Parameters: {"appointment"=>{}}
  [1m[36mAppointment Load (0.1ms)[0m  [1m[34mSELECT "appointments".* FROM "appointments" ORDER BY name DESC[0m
  ↳ app/controllers/appointments_controller.rb:5
Completed 200 OK in 1ms (Views: 0.5ms | ActiveRecord: 0.4ms)


Started POST "/appointments" for 127.0.0.1 at 2018-07-07 17:36:14 +0300
Error occurred while parsing request parameters.
Contents:

{
	"name":"abcasdzxc"
	"from":"2011-07-14T19:43:37+0100"
	"to":"dasdasdasdas"
}
  
ActionDispatch::Http::Parameters::ParseError (765: unexpected token at '{
	"name":"abcasdzxc"
	"from":"2011-07-14T19:43:37+0100"
	"to":"dasdasdasdas"
}'):
  
actionpack (5.2.0) lib/action_dispatch/http/parameters.rb:117:in `rescue in parse_formatted_parameters'
actionpack (5.2.0) lib/action_dispatch/http/parameters.rb:111:in `parse_formatted_parameters'
actionpack (5.2.0) lib/action_dispatch/http/request.rb:381:in `block in POST'
rack (2.0.5) lib/rack/request.rb:57:in `fetch'
rack (2.0.5) lib/rack/request.rb:57:in `fetch_header'
actionpack (5.2.0) lib/action_dispatch/http/request.rb:380:in `POST'
actionpack (5.2.0) lib/action_dispatch/http/parameters.rb:55:in `parameters'
actionpack (5.2.0) lib/action_controller/metal/params_wrapper.rb:290:in `_wrapper_enabled?'
actionpack (5.2.0) lib/action_controller/metal/params_wrapper.rb:244:in `process_action'
activerecord (5.2.0) lib/active_record/railties/controller_runtime.rb:24:in `process_action'
actionpack (5.2.0) lib/abstract_controller/base.rb:134:in `process'
actionpack (5.2.0) lib/action_controller/metal.rb:191:in `dispatch'
actionpack (5.2.0) lib/action_controller/metal.rb:252:in `dispatch'
actionpack (5.2.0) lib/action_dispatch/routing/route_set.rb:52:in `dispatch'
actionpack (5.2.0) lib/action_dispatch/routing/route_set.rb:34:in `serve'
actionpack (5.2.0) lib/action_dispatch/journey/router.rb:52:in `block in serve'
actionpack (5.2.0) lib/action_dispatch/journey/router.rb:35:in `each'
actionpack (5.2.0) lib/action_dispatch/journey/router.rb:35:in `serve'
actionpack (5.2.0) lib/action_dispatch/routing/route_set.rb:840:in `call'
rack (2.0.5) lib/rack/etag.rb:25:in `call'
rack (2.0.5) lib/rack/conditional_get.rb:38:in `call'
rack (2.0.5) lib/rack/head.rb:12:in `call'
activerecord (5.2.0) lib/active_record/migration.rb:559:in `call'
actionpack (5.2.0) lib/action_dispatch/middleware/callbacks.rb:28:in `block in call'
activesupport (5.2.0) lib/active_support/callbacks.rb:98:in `run_callbacks'
actionpack (5.2.0) lib/action_dispatch/middleware/callbacks.rb:26:in `call'
actionpack (5.2.0) lib/action_dispatch/middleware/executor.rb:14:in `call'
actionpack (5.2.0) lib/action_dispatch/middleware/debug_exceptions.rb:61:in `call'
actionpack (5.2.0) lib/action_dispatch/middleware/show_exceptions.rb:33:in `call'
railties (5.2.0) lib/rails/rack/logger.rb:38:in `call_app'
railties (5.2.0) lib/rails/rack/logger.rb:26:in `block in call'
activesupport (5.2.0) lib/active_support/tagged_logging.rb:71:in `block in tagged'
activesupport (5.2.0) lib/active_support/tagged_logging.rb:28:in `tagged'
activesupport (5.2.0) lib/active_support/tagged_logging.rb:71:in `tagged'
railties (5.2.0) lib/rails/rack/logger.rb:26:in `call'
actionpack (5.2.0) lib/action_dispatch/middleware/remote_ip.rb:81:in `call'
actionpack (5.2.0) lib/action_dispatch/middleware/request_id.rb:27:in `call'
rack (2.0.5) lib/rack/runtime.rb:22:in `call'
activesupport (5.2.0) lib/active_support/cache/strategy/local_cache_middleware.rb:29:in `call'
actionpack (5.2.0) lib/action_dispatch/middleware/executor.rb:14:in `call'
actionpack (5.2.0) lib/action_dispatch/middleware/static.rb:127:in `call'
rack (2.0.5) lib/rack/sendfile.rb:111:in `call'
railties (5.2.0) lib/rails/engine.rb:524:in `call'
puma (3.11.4) lib/puma/configuration.rb:225:in `call'
puma (3.11.4) lib/puma/server.rb:632:in `handle_request'
puma (3.11.4) lib/puma/server.rb:446:in `process_client'
puma (3.11.4) lib/puma/server.rb:306:in `block in run'
puma (3.11.4) lib/puma/thread_pool.rb:120:in `block in spawn_thread'
Started POST "/appointments" for 127.0.0.1 at 2018-07-07 17:39:51 +0300
Processing by AppointmentsController#create as */*
  Parameters: {"------WebKitFormBoundaryA5XRbBqXqYWgBGuQ\r\nContent-Disposition: form-data; name"=>"\"name\"\r\n\r\nadsadasdas\r\n------WebKitFormBoundaryA5XRbBqXqYWgBGuQ\r\nContent-Disposition: form-data; name=\"from\"\r\n\r\nadasd\r\n------WebKitFormBoundaryA5XRbBqXqYWgBGuQ\r\nContent-Disposition: form-data; name=\"to\"\r\n\r\nadsdada\r\n------WebKitFormBoundaryA5XRbBqXqYWgBGuQ--\r\n"}
Unpermitted parameter: :------WebKitFormBoundaryA5XRbBqXqYWgBGuQ
Content-Disposition: form-data; name
  [1m[35m (0.1ms)[0m  [1m[36mbegin transaction[0m
  ↳ app/controllers/appointments_controller.rb:18
  [1m[35m (0.1ms)[0m  [1m[31mrollback transaction[0m
  ↳ app/controllers/appointments_controller.rb:18
Completed 500 Internal Server Error in 17ms (ActiveRecord: 0.5ms)


  
NoMethodError (undefined method `eventName' for #<Appointment:0x00007f1c9c271d60>):
  
app/controllers/appointments_controller.rb:18:in `create'
Started POST "/appointments" for 127.0.0.1 at 2018-07-07 17:43:05 +0300
  [1m[35m (0.2ms)[0m  [1m[34mSELECT "schema_migrations"."version" FROM "schema_migrations" ORDER BY "schema_migrations"."version" ASC[0m
  ↳ /usr/local/rvm/gems/ruby-2.5.1/gems/activerecord-5.2.0/lib/active_record/log_subscriber.rb:98
Processing by AppointmentsController#create as */*
  Parameters: {"name"=>"abcasdzxc", "from"=>"2011-07-14T19:43:37+0100", "to"=>"dasdasdasdas", "appointment"=>{"name"=>"abcasdzxc", "from"=>"2011-07-14T19:43:37+0100", "to"=>"dasdasdasdas"}}
Unpermitted parameter: :appointment
  [1m[35m (0.1ms)[0m  [1m[36mbegin transaction[0m
  ↳ app/controllers/appointments_controller.rb:18
  [1m[35m (0.0ms)[0m  [1m[31mrollback transaction[0m
  ↳ app/controllers/appointments_controller.rb:18
Completed 500 Internal Server Error in 14ms (ActiveRecord: 1.0ms)


  
NoMethodError (undefined method `eventName' for #<Appointment:0x00007fd038219c50>):
  
app/controllers/appointments_controller.rb:18:in `create'
Started POST "/appointments" for 127.0.0.1 at 2018-07-07 17:47:27 +0300
  [1m[35m (0.1ms)[0m  [1m[34mSELECT "schema_migrations"."version" FROM "schema_migrations" ORDER BY "schema_migrations"."version" ASC[0m
  ↳ /usr/local/rvm/gems/ruby-2.5.1/gems/activerecord-5.2.0/lib/active_record/log_subscriber.rb:98
Processing by AppointmentsController#create as */*
  Parameters: {"name"=>"abcasdzxc", "from"=>"2011-07-14T19:43:37+0100", "to"=>"dasdasdasdas", "appointment"=>{"name"=>"abcasdzxc", "from"=>"2011-07-14T19:43:37+0100", "to"=>"dasdasdasdas"}}
Unpermitted parameter: :appointment
  [1m[35m (0.2ms)[0m  [1m[36mbegin transaction[0m
  ↳ app/controllers/appointments_controller.rb:18
  [1m[36mAppointment Create (0.2ms)[0m  [1m[32mINSERT INTO "appointments" ("name", "from", "to", "created_at", "updated_at") VALUES (?, ?, ?, ?, ?)[0m  [["name", "abcasdzxc"], ["from", "2011-07-14T19:43:37+0100"], ["to", "dasdasdasdas"], ["created_at", "2018-07-07 14:47:27.491517"], ["updated_at", "2018-07-07 14:47:27.491517"]]
  ↳ app/controllers/appointments_controller.rb:18
  [1m[35m (8.8ms)[0m  [1m[36mcommit transaction[0m
  ↳ app/controllers/appointments_controller.rb:18
Completed 200 OK in 18ms (Views: 0.4ms | ActiveRecord: 9.7ms)


